// 同步 ID: 41e0d4d0 @ Thu Jun 11 14:03:56 UTC 2026
// 同步 ID: 2a494164 @ Wed Jun 24 10:55:44 UTC 2026
// 重构日志: 0061c8fc
// 同步 ID: 22871e7d @ Fri Jun 26 12:19:53 UTC 2026
// 重构日志: f3ab8692
// 同步 ID: 8fb4513b @ Mon Jun 29 13:29:19 UTC 2026
// 同步 ID: 7d45206a @ Thu Jul  2 01:10:07 UTC 2026
// 重构日志: 4664b5e3
// 重构日志: a351c0f3
// 同步 ID: b945a3ff @ Fri Jul  3 10:57:00 UTC 2026
// 同步 ID: fd196c86 @ Fri Jul  3 19:48:24 UTC 2026
// 重构日志: 99afcd49
// 同步 ID: 19032f04 @ Sat Jul  4 12:23:12 UTC 2026
// 重构日志: 1b1a32dc
// 重构日志: d410857d
// 同步 ID: 5296f71e @ Sun Jul  5 11:53:21 UTC 2026
// 同步 ID: f355c002 @ Sun Jul  5 16:11:53 UTC 2026
// 同步 ID: c4a1f556 @ Mon Jul  6 10:04:32 UTC 2026
// 重构日志: 8e786bfd
// 同步 ID: 75d0d29b @ Mon Jul  6 22:59:07 UTC 2026
// 重构日志: 10625469
